\BOOKMARK [1][-]{section.1}{\376\377\000S\000o\000m\000e\000\040\000g\000r\000o\000u\000p\000\040\000a\000n\000d\000\040\000l\000i\000n\000e\000a\000r\000\040\000a\000l\000g\000e\000b\000r\000a}{}% 1
\BOOKMARK [2][-]{subsection.1.1}{\376\377\000S\000e\000m\000i\000-\000d\000i\000r\000e\000c\000t\000\040\000p\000r\000o\000d\000u\000c\000t}{section.1}% 2
\BOOKMARK [2][-]{subsection.1.2}{\376\377\000M\000i\000n\000i\000m\000a\000l\000\040\000p\000o\000l\000y\000n\000o\000m\000i\000a\000l}{section.1}% 3
\BOOKMARK [2][-]{subsection.1.3}{\376\377\000D\000e\000c\000o\000m\000p\000o\000s\000i\000t\000i\000o\000n\000\040\000o\000f\000\040\000e\000n\000d\000o\000m\000o\000r\000p\000h\000i\000s\000m\000s}{section.1}% 4
\BOOKMARK [2][-]{subsection.1.4}{\376\377\000L\000a\000t\000t\000i\000c\000e}{section.1}% 5
\BOOKMARK [1][-]{section.2}{\376\377\000R\000e\000p\000r\000e\000s\000e\000n\000t\000a\000t\000i\000o\000n\000\040\000o\000f\000\040\000f\000i\000n\000i\000t\000e\000\040\000g\000r\000o\000u\000p}{}% 6
\BOOKMARK [1][-]{section.3}{\376\377\000T\000o\000p\000l\000o\000g\000i\000c\000a\000l\000\040\000G\000r\000o\000u\000p\000s}{}% 7
\BOOKMARK [2][-]{subsection.3.1}{\376\377\000B\000a\000s\000i\000c\000\040\000p\000r\000o\000p\000e\000r\000t\000i\000e\000s}{section.3}% 8
\BOOKMARK [2][-]{subsection.3.2}{\376\377\000H\000o\000m\000o\000g\000e\000n\000e\000o\000u\000s\000\040\000S\000p\000a\000c\000e\000s}{section.3}% 9
\BOOKMARK [2][-]{subsection.3.3}{\376\377\000T\000h\000e\000\040\000P\000o\000n\000t\000r\000y\000a\000g\000i\000n\000\040\000D\000u\000a\000l\000i\000t\000y}{section.3}% 10
\BOOKMARK [1][-]{section.4}{\376\377\000C\000l\000a\000s\000s\000i\000c\000a\000l\000\040\000G\000r\000o\000u\000p\000s\000\040\000a\000n\000d\000\040\000L\000i\000e\000\040\000a\000l\000g\000e\000b\000r\000a\000s}{}% 11
\BOOKMARK [2][-]{subsection.4.1}{\376\377\000E\000x\000p\000o\000n\000e\000n\000t\000i\000a\000l\000\040\000m\000a\000p}{section.4}% 12
\BOOKMARK [2][-]{subsection.4.2}{\376\377\000G\000e\000n\000e\000r\000a\000l\000\040\000l\000i\000n\000e\000a\000r\000\040\000g\000r\000o\000u\000p}{section.4}% 13
\BOOKMARK [2][-]{subsection.4.3}{\376\377\000A\000d\000j\000o\000i\000n\000t\000\040\000m\000a\000p}{section.4}% 14
\BOOKMARK [2][-]{subsection.4.4}{\376\377\000T\000h\000e\000\040\000c\000a\000t\000e\000g\000o\000r\000y\000\040\000o\000f\000\040\000r\000e\000p\000r\000e\000s\000e\000n\000t\000a\000t\000i\000o\000n}{section.4}% 15
\BOOKMARK [1][-]{section.5}{\376\377\000L\000i\000e\000\040\000A\000l\000g\000e\000b\000r\000a}{}% 16
\BOOKMARK [2][-]{subsection.5.1}{\376\377\000I\000d\000e\000a\000l}{section.5}% 17
\BOOKMARK [2][-]{subsection.5.2}{\376\377\000K\000i\000l\000l\000i\000n\000g\000\040\000f\000o\000r\000m}{section.5}% 18
\BOOKMARK [1][-]{section.6}{\376\377\000F\000i\000e\000l\000d\000\040\000a\000n\000d\000\040\000G\000a\000l\000o\000i\000s\000\040\000T\000h\000e\000o\000r\000y}{}% 19
\BOOKMARK [2][-]{subsection.6.1}{\376\377\000F\000i\000n\000i\000t\000e\000\040\000e\000x\000t\000e\000n\000s\000i\000o\000n}{section.6}% 20
\BOOKMARK [2][-]{subsection.6.2}{\376\377\000A\000l\000g\000e\000b\000r\000a\000i\000c\000\040\000C\000l\000o\000s\000e\000d\000\040\000f\000i\000e\000l\000d}{section.6}% 21
\BOOKMARK [2][-]{subsection.6.3}{\376\377\000N\000o\000r\000m\000a\000l\000\040\000e\000x\000t\000e\000n\000s\000i\000o\000n\000\040\000a\000n\000d\000\040\000A\000u\000t\000o\000m\000o\000r\000p\000h\000i\000s\000m}{section.6}% 22
\BOOKMARK [2][-]{subsection.6.4}{\376\377\000S\000e\000p\000a\000r\000a\000b\000l\000e\000\040\000e\000x\000t\000e\000n\000s\000i\000o\000n}{section.6}% 23
\BOOKMARK [2][-]{subsection.6.5}{\376\377\000G\000a\000l\000o\000i\000s\000\040\000e\000x\000t\000e\000n\000s\000i\000o\000n}{section.6}% 24
\BOOKMARK [1][-]{section.7}{\376\377\000T\000h\000e\000o\000r\000y\000\040\000o\000f\000\040\000A\000l\000g\000e\000b\000r\000a\000i\000c\000\040\000N\000u\000m\000b\000e\000r}{}% 25
\BOOKMARK [2][-]{subsection.7.1}{\376\377\000N\000o\000r\000m\000,\000\040\000T\000r\000a\000c\000e\000\040\000a\000n\000d\000\040\000D\000i\000s\000c\000r\000i\000m\000i\000n\000a\000n\000t}{section.7}% 26
\BOOKMARK [2][-]{subsection.7.2}{\376\377\000N\000u\000m\000b\000e\000r\000\040\000f\000i\000e\000l\000d\000s}{section.7}% 27
\BOOKMARK [2][-]{subsection.7.3}{\376\377\000M\000i\000n\000k\000o\000w\000s\000k\000i\000'\000s\000\040\000s\000p\000a\000c\000e}{section.7}% 28
\BOOKMARK [2][-]{subsection.7.4}{\376\377\000L\000o\000g\000a\000r\000i\000t\000h\000m\000i\000c\000\040\000s\000p\000a\000c\000e\000\040\000a\000n\000d\000\040\000U\000n\000i\000t\000\040\000t\000h\000e\000o\000r\000e\000m}{section.7}% 29
\BOOKMARK [2][-]{subsection.7.5}{\376\377\000C\000l\000a\000s\000s\000\040\000g\000r\000o\000u\000p\000\040\000a\000n\000d\000\040\000C\000l\000a\000s\000s\000\040\000n\000u\000m\000b\000e\000r}{section.7}% 30
\BOOKMARK [1][-]{section.8}{\376\377\000A\000n\000a\000l\000y\000t\000i\000c\000\040\000a\000p\000p\000r\000o\000a\000c\000h\000\040\000t\000o\000\040\000n\000u\000m\000b\000e\000r\000\040\000t\000h\000e\000o\000r\000y}{}% 31
\BOOKMARK [2][-]{subsection.8.1}{\376\377\000C\000h\000a\000r\000a\000c\000a\000t\000e\000r}{section.8}% 32
\BOOKMARK [3][-]{subsubsection.8.1.1}{\376\377\000L\000e\000g\000e\000n\000d\000r\000e\000\040\000S\000y\000m\000b\000o\000l}{subsection.8.1}% 33
\BOOKMARK [3][-]{subsubsection.8.1.2}{\376\377\000D\000i\000r\000i\000c\000h\000l\000e\000t\000\040\000C\000h\000a\000r\000a\000c\000t\000e\000r}{subsection.8.1}% 34
